<?xml version='1.0'?>
<ns2:test-suite xmlns:ns2='urn:model.allure.qatools.yandex.ru' start='1651266586523' stop='1651266592603'>
    <name>Movie Details Page: In Batman details I should validate that the Director is Matt Reeves &amp; and than Robert Pattison is 1 of the actors</name>
    <title>Movie Details Page: In Batman details I should validate that the Director is Matt Reeves &amp; and than Robert Pattison is 1 of the actors</title>
    <test-cases>
        <test-case start='1651266586523' status='passed' stop='1651266586525'>
            <name></name>
            <title></title>
            <labels>
                <label name='language' value='javascript'/>
                <label name='framework' value='wdio'/>
                <label name='thread' value='0-0'/>
            </labels>
            <parameters>
                <parameter kind='argument' name='browser' value='Chrome-101.0.4951.41'/>
            </parameters>
            <steps/>
            <attachments/>
        </test-case>
        <test-case start='1651266586525' status='passed' stop='1651266590089'>
            <name>Given I am on the home page</name>
            <title>Given I am on the home page</title>
            <labels>
                <label name='language' value='javascript'/>
                <label name='framework' value='wdio'/>
                <label name='thread' value='0-0'/>
            </labels>
            <parameters>
                <parameter kind='argument' name='browser' value='Chrome-101.0.4951.41'/>
            </parameters>
            <steps/>
            <attachments/>
        </test-case>
        <test-case start='1651266590089' status='passed' stop='1651266591250'>
            <name>When on the navbar I search "The Batman"</name>
            <title>When on the navbar I search "The Batman"</title>
            <labels>
                <label name='language' value='javascript'/>
                <label name='framework' value='wdio'/>
                <label name='thread' value='0-0'/>
            </labels>
            <parameters>
                <parameter kind='argument' name='browser' value='Chrome-101.0.4951.41'/>
            </parameters>
            <steps/>
            <attachments/>
        </test-case>
        <test-case start='1651266591251' status='broken' stop='1651266592598'>
            <name>And In the search page I click on "The Batman" Title</name>
            <title>And In the search page I click on "The Batman" Title</title>
            <labels>
                <label name='language' value='javascript'/>
                <label name='framework' value='wdio'/>
                <label name='thread' value='0-0'/>
            </labels>
            <parameters>
                <parameter kind='argument' name='browser' value='Chrome-101.0.4951.41'/>
            </parameters>
            <steps/>
            <attachments/>
            <failure>
                <message>Error: no current window handle registered</message>
                <stack-trace>Error: no current window handle registered
                    at DevToolsDriver.getPageHandle (C:\Users\Xame\Desktop\Enroute\QA\practica1\e2e-testing-framework\cucumber\node_modules\devtools\build\devtoolsdriver.js:166:19)
                    at DevToolsDriver.checkPendingNavigations (C:\Users\Xame\Desktop\Enroute\QA\practica1\e2e-testing-framework\cucumber\node_modules\devtools\build\devtoolsdriver.js:179:25)
                    at DevToolsDriver.checkPendingNavigations (C:\Users\Xame\Desktop\Enroute\QA\practica1\e2e-testing-framework\cucumber\node_modules\devtools\build\devtoolsdriver.js:225:20)
                    at async DevToolsDriver.checkPendingNavigations (C:\Users\Xame\Desktop\Enroute\QA\practica1\e2e-testing-framework\cucumber\node_modules\devtools\build\devtoolsdriver.js:225:9)
                    at async DevToolsDriver.checkPendingNavigations (C:\Users\Xame\Desktop\Enroute\QA\practica1\e2e-testing-framework\cucumber\node_modules\devtools\build\devtoolsdriver.js:225:9)
                    at async DevToolsDriver.checkPendingNavigations (C:\Users\Xame\Desktop\Enroute\QA\practica1\e2e-testing-framework\cucumber\node_modules\devtools\build\devtoolsdriver.js:225:9)
                    at async DevToolsDriver.checkPendingNavigations (C:\Users\Xame\Desktop\Enroute\QA\practica1\e2e-testing-framework\cucumber\node_modules\devtools\build\devtoolsdriver.js:225:9)
                    at async DevToolsDriver.checkPendingNavigations (C:\Users\Xame\Desktop\Enroute\QA\practica1\e2e-testing-framework\cucumber\node_modules\devtools\build\devtoolsdriver.js:225:9)
                    at async Browser.wrappedCommand (C:\Users\Xame\Desktop\Enroute\QA\practica1\e2e-testing-framework\cucumber\node_modules\devtools\build\devtoolsdriver.js:97:13)
                    at async Browser.wrapCommandFn (C:\Users\Xame\Desktop\Enroute\QA\practica1\e2e-testing-framework\cucumber\node_modules\@wdio\utils\build\shim.js:137:29)</stack-trace>
            </failure>
        </test-case>
        <test-case start='1651266592598' status='broken' stop='1651266592599'>
            <name>Then I should read that the Director is "Matt Reeves" &amp; and than "Robert PattinsonXX" is 1 of the actors</name>
            <title>Then I should read that the Director is "Matt Reeves" &amp; and than "Robert PattinsonXX" is 1 of the actors</title>
            <labels>
                <label name='language' value='javascript'/>
                <label name='framework' value='wdio'/>
                <label name='thread' value='0-0'/>
            </labels>
            <parameters>
                <parameter kind='argument' name='browser' value='Chrome-101.0.4951.41'/>
            </parameters>
            <steps/>
            <attachments/>
            <failure>
                <message>Step "I should read that the Director is "Matt Reeves" &amp; and than "Robert PattinsonXX" is 1 of the actors" is not defined. You can ignore this error by setting cucumberOpts.ignoreUndefinedDefinitions as true.</message>
                <stack-trace>Step "I should read that the Director is "Matt Reeves" &amp; and than "Robert PattinsonXX" is 1 of the actors" is not defined. You can ignore this error by setting cucumberOpts.ignoreUndefinedDefinitions as true.
                	at Feature(C:\Users\Xame\Desktop\Enroute\QA\practica1\e2e-testing-framework\cucumber\features\movies-details.feature):1:1
                	at Scenario(In Batman details I should validate that the Director is Matt Reeves &amp; and than Robert Pattison is 1 of the actors):9:3
                	at Step(I should read that the Director is "Matt Reeves" &amp; and than "Robert PattinsonXX" is 1 of the actors):10:5
                </stack-trace>
            </failure>
        </test-case>
        <test-case start='1651266592600' status='passed' stop='1651266592601'>
            <name></name>
            <title></title>
            <labels>
                <label name='language' value='javascript'/>
                <label name='framework' value='wdio'/>
                <label name='thread' value='0-0'/>
            </labels>
            <parameters>
                <parameter kind='argument' name='browser' value='Chrome-101.0.4951.41'/>
            </parameters>
            <steps/>
            <attachments/>
        </test-case>
    </test-cases>
</ns2:test-suite>