<?xml version='1.0'?>
<ns2:test-suite xmlns:ns2='urn:model.allure.qatools.yandex.ru' start='1651266244175' stop='1651266246560'>
    <name>Movie Details Page: In Batman details I should validate that the Director is Matt Reeves &amp; and than Robert Pattison is 1 of the actors</name>
    <title>Movie Details Page: In Batman details I should validate that the Director is Matt Reeves &amp; and than Robert Pattison is 1 of the actors</title>
    <test-cases>
        <test-case start='1651266244175' status='passed' stop='1651266244176'>
            <name></name>
            <title></title>
            <labels>
                <label name='language' value='javascript'/>
                <label name='framework' value='wdio'/>
                <label name='thread' value='0-0'/>
            </labels>
            <parameters>
                <parameter kind='argument' name='browser' value='chrome-100.0.4896.127'/>
            </parameters>
            <steps/>
            <attachments/>
        </test-case>
        <test-case start='1651266244176' status='broken' stop='1651266246559'>
            <name>Given I am on the home page</name>
            <title>Given I am on the home page</title>
            <labels>
                <label name='language' value='javascript'/>
                <label name='framework' value='wdio'/>
                <label name='thread' value='0-0'/>
            </labels>
            <parameters>
                <parameter kind='argument' name='browser' value='chrome-100.0.4896.127'/>
            </parameters>
            <steps/>
            <attachments/>
            <failure>
                <message>no such window: no such window: window was already closed</message>
                <stack-trace>no such window: no such window: window was already closed
                  (Session info: chrome=100.0.4896.127)
                    at processTicksAndRejections (node:internal/process/task_queues:96:5)
                    at async World.&lt;anonymous> (/Users/enrouterockstars/Documents/Enroute/Testing/e2e-testing-framework/cucumber/features/step-definitions/steps.js:12:51)</stack-trace>
            </failure>
        </test-case>
        <test-case start='1651266246559' status='undefined'>
            <name>When on the navbar I search "The Batman"</name>
            <title>When on the navbar I search "The Batman"</title>
            <labels>
                <label name='language' value='javascript'/>
                <label name='framework' value='wdio'/>
                <label name='thread' value='0-0'/>
            </labels>
            <parameters>
                <parameter kind='argument' name='browser' value='chrome-100.0.4896.127'/>
            </parameters>
            <steps/>
            <attachments/>
        </test-case>
        <test-case start='1651266246559' status='undefined'>
            <name>And In the search page I click on "The Batman" Title</name>
            <title>And In the search page I click on "The Batman" Title</title>
            <labels>
                <label name='language' value='javascript'/>
                <label name='framework' value='wdio'/>
                <label name='thread' value='0-0'/>
            </labels>
            <parameters>
                <parameter kind='argument' name='browser' value='chrome-100.0.4896.127'/>
            </parameters>
            <steps/>
            <attachments/>
        </test-case>
        <test-case start='1651266246559' status='broken' stop='1651266246559'>
            <name>Then I should read that the Director is "Matt Reeves" &amp; and than "Robert PattinsonXX" is 1 of the actors</name>
            <title>Then I should read that the Director is "Matt Reeves" &amp; and than "Robert PattinsonXX" is 1 of the actors</title>
            <labels>
                <label name='language' value='javascript'/>
                <label name='framework' value='wdio'/>
                <label name='thread' value='0-0'/>
            </labels>
            <parameters>
                <parameter kind='argument' name='browser' value='chrome-100.0.4896.127'/>
            </parameters>
            <steps/>
            <attachments/>
            <failure>
                <message>Step "I should read that the Director is "Matt Reeves" &amp; and than "Robert PattinsonXX" is 1 of the actors" is not defined. You can ignore this error by setting cucumberOpts.ignoreUndefinedDefinitions as true.</message>
                <stack-trace>Step "I should read that the Director is "Matt Reeves" &amp; and than "Robert PattinsonXX" is 1 of the actors" is not defined. You can ignore this error by setting cucumberOpts.ignoreUndefinedDefinitions as true.
                	at Feature(/Users/enrouterockstars/Documents/Enroute/Testing/e2e-testing-framework/cucumber/features/movies-details.feature):1:1
                	at Scenario(In Batman details I should validate that the Director is Matt Reeves &amp; and than Robert Pattison is 1 of the actors):9:3
                	at Step(I should read that the Director is "Matt Reeves" &amp; and than "Robert PattinsonXX" is 1 of the actors):10:5
                </stack-trace>
            </failure>
        </test-case>
        <test-case start='1651266246560' status='passed' stop='1651266246560'>
            <name></name>
            <title></title>
            <labels>
                <label name='language' value='javascript'/>
                <label name='framework' value='wdio'/>
                <label name='thread' value='0-0'/>
            </labels>
            <parameters>
                <parameter kind='argument' name='browser' value='chrome-100.0.4896.127'/>
            </parameters>
            <steps/>
            <attachments/>
        </test-case>
    </test-cases>
</ns2:test-suite>